<?xml version="1.0" encoding="UTF-8"?>
<!-- Generated by org.testng.reporters.JUnitXMLReporter -->
<testsuite ignored="2" hostname="INBENKARSELVAN1" failures="0" tests="2" name="Test" time="28.455" errors="0" timestamp="2022-06-02T09:14:57 IST">
  <testcase classname="com.automation.tests.BookFlight2" name="Test_BookFlight_2" time="11.054"/>
  <testcase classname="com.automation.tests.BookFlight" name="Test_BookFlight_1" time="11.206"/>
  <testcase classname="com.automation.utility.Base" name="@BeforeSuite InitializeReport" time="0.0">
    <ignored/>
  </testcase> <!-- @BeforeSuite InitializeReport -->
  <testcase classname="com.automation.utility.Base" name="@AfterSuite GenerateReport" time="0.0">
    <ignored/>
  </testcase> <!-- @AfterSuite GenerateReport -->
</testsuite> <!-- Test -->
