<?xml version="1.0" encoding="UTF-8"?>
<testng-results ignored="2" total="4" passed="2" failed="0" skipped="0">
  <reporter-output>
  </reporter-output>
  <suite started-at="2022-06-02T09:14:29 IST" name="Suite" finished-at="2022-06-02T09:14:57 IST" duration-ms="28455">
    <groups>
    </groups>
    <test started-at="2022-06-02T09:14:29 IST" name="Test" finished-at="2022-06-02T09:14:57 IST" duration-ms="28455">
      <class name="com.automation.tests.BookFlight2">
        <test-method is-config="true" signature="InitializeReport()[pri:0, instance:com.automation.tests.BookFlight2@4a94ee4]" started-at="2022-06-02T09:14:29 IST" name="InitializeReport" finished-at="2022-06-02T09:14:29 IST" duration-ms="149" status="PASS">
          <reporter-output>
          </reporter-output>
        </test-method> <!-- InitializeReport -->
        <test-method is-config="true" signature="Initialize()[pri:0, instance:com.automation.tests.BookFlight2@4a94ee4]" started-at="2022-06-02T09:14:29 IST" name="Initialize" finished-at="2022-06-02T09:14:32 IST" duration-ms="3015" status="PASS">
          <reporter-output>
          </reporter-output>
        </test-method> <!-- Initialize -->
        <test-method signature="Test_BookFlight_2(java.lang.String,java.lang.String,java.lang.String,java.lang.String,java.lang.String,java.lang.String,java.lang.String,java.lang.String,java.lang.String,java.lang.String,java.lang.String,java.lang.String,java.lang.String,java.lang.String,java.lang.String,java.lang.String,java.lang.String)[pri:0, instance:com.automation.tests.BookFlight2@4a94ee4]" started-at="2022-06-02T09:14:32 IST" name="Test_BookFlight_2" data-provider="DP_Bookflight2" finished-at="2022-06-02T09:14:43 IST" duration-ms="11054" status="PASS">
          <params>
            <param index="0">
              <value>
                <![CDATA[Test_BookFlight_2]]>
              </value>
            </param>
            <param index="1">
              <value>
                <![CDATA[Test_BookFlight_2]]>
              </value>
            </param>
            <param index="2">
              <value>
                <![CDATA[1]]>
              </value>
            </param>
            <param index="3">
              <value>
                <![CDATA[Boston]]>
              </value>
            </param>
            <param index="4">
              <value>
                <![CDATA[Cairo]]>
              </value>
            </param>
            <param index="5">
              <value>
                <![CDATA[Airline]]>
              </value>
            </param>
            <param index="6">
              <value>
                <![CDATA[Aer Lingus]]>
              </value>
            </param>
            <param index="7">
              <value>
                <![CDATA[Test]]>
              </value>
            </param>
            <param index="8">
              <value>
                <![CDATA[Test]]>
              </value>
            </param>
            <param index="9">
              <value>
                <![CDATA[Test]]>
              </value>
            </param>
            <param index="10">
              <value>
                <![CDATA[Test]]>
              </value>
            </param>
            <param index="11">
              <value>
                <![CDATA[411001.0]]>
              </value>
            </param>
            <param index="12">
              <value>
                <![CDATA[Visa]]>
              </value>
            </param>
            <param index="13">
              <value>
                <![CDATA[1234123412341230]]>
              </value>
            </param>
            <param index="14">
              <value>
                <![CDATA[12.0]]>
              </value>
            </param>
            <param index="15">
              <value>
                <![CDATA[2022.0]]>
              </value>
            </param>
            <param index="16">
              <value>
                <![CDATA[Test]]>
              </value>
            </param>
          </params>
          <reporter-output>
          </reporter-output>
        </test-method> <!-- Test_BookFlight_2 -->
        <test-method is-config="true" signature="CloseBrowser(org.testng.ITestResult)[pri:0, instance:com.automation.tests.BookFlight2@4a94ee4]" started-at="2022-06-02T09:14:43 IST" name="CloseBrowser" finished-at="2022-06-02T09:14:43 IST" duration-ms="70" status="PASS">
          <params>
            <param index="0">
              <value>
                <![CDATA[[TestResult name=Test_BookFlight_2 status=SUCCESS method=BookFlight2.Test_BookFlight_2(java.lang.String,java.lang.String,java.lang.String,java.lang.String,java.lang.String,java.lang.String,java.lang.String,java.lang.String,java.lang.String,java.lang.String,java.lang.String,java.lang.String,java.lang.String,java.lang.String,java.lang.String,java.lang.String,java.lang.String)[pri:0, instance:com.automation.tests.BookFlight2@4a94ee4] output={null}]]]>
              </value>
            </param>
          </params>
          <reporter-output>
          </reporter-output>
        </test-method> <!-- CloseBrowser -->
        <test-method is-config="true" signature="GenerateReport()[pri:0, instance:com.automation.tests.BookFlight2@4a94ee4]" started-at="2022-06-02T09:14:57 IST" name="GenerateReport" finished-at="2022-06-02T09:14:58 IST" duration-ms="200" status="PASS">
          <reporter-output>
          </reporter-output>
        </test-method> <!-- GenerateReport -->
      </class> <!-- com.automation.tests.BookFlight2 -->
      <class name="com.automation.tests.BookFlight">
        <test-method is-config="true" signature="Initialize()[pri:0, instance:com.automation.tests.BookFlight@5876a9af]" started-at="2022-06-02T09:14:43 IST" name="Initialize" finished-at="2022-06-02T09:14:46 IST" duration-ms="2573" status="PASS">
          <reporter-output>
          </reporter-output>
        </test-method> <!-- Initialize -->
        <test-method signature="Test_BookFlight_1(java.lang.String,java.lang.String,java.lang.String,java.lang.String,java.lang.String,java.lang.String,java.lang.String,java.lang.String,java.lang.String,java.lang.String,java.lang.String,java.lang.String,java.lang.String,java.lang.String,java.lang.String,java.lang.String,java.lang.String)[pri:0, instance:com.automation.tests.BookFlight@5876a9af]" started-at="2022-06-02T09:14:46 IST" name="Test_BookFlight_1" data-provider="DP_Bookflight" finished-at="2022-06-02T09:14:57 IST" duration-ms="11206" status="PASS">
          <params>
            <param index="0">
              <value>
                <![CDATA[Test_BookFlight_1]]>
              </value>
            </param>
            <param index="1">
              <value>
                <![CDATA[Test_BookFlight_1]]>
              </value>
            </param>
            <param index="2">
              <value>
                <![CDATA[1]]>
              </value>
            </param>
            <param index="3">
              <value>
                <![CDATA[Boston]]>
              </value>
            </param>
            <param index="4">
              <value>
                <![CDATA[Cairo]]>
              </value>
            </param>
            <param index="5">
              <value>
                <![CDATA[Airline]]>
              </value>
            </param>
            <param index="6">
              <value>
                <![CDATA[Aer Lingus]]>
              </value>
            </param>
            <param index="7">
              <value>
                <![CDATA[Test]]>
              </value>
            </param>
            <param index="8">
              <value>
                <![CDATA[Test]]>
              </value>
            </param>
            <param index="9">
              <value>
                <![CDATA[Test]]>
              </value>
            </param>
            <param index="10">
              <value>
                <![CDATA[Test]]>
              </value>
            </param>
            <param index="11">
              <value>
                <![CDATA[411001.0]]>
              </value>
            </param>
            <param index="12">
              <value>
                <![CDATA[Visa]]>
              </value>
            </param>
            <param index="13">
              <value>
                <![CDATA[1234123412341230]]>
              </value>
            </param>
            <param index="14">
              <value>
                <![CDATA[12.0]]>
              </value>
            </param>
            <param index="15">
              <value>
                <![CDATA[2022.0]]>
              </value>
            </param>
            <param index="16">
              <value>
                <![CDATA[Test]]>
              </value>
            </param>
          </params>
          <reporter-output>
          </reporter-output>
        </test-method> <!-- Test_BookFlight_1 -->
        <test-method is-config="true" signature="CloseBrowser(org.testng.ITestResult)[pri:0, instance:com.automation.tests.BookFlight@5876a9af]" started-at="2022-06-02T09:14:57 IST" name="CloseBrowser" finished-at="2022-06-02T09:14:57 IST" duration-ms="76" status="PASS">
          <params>
            <param index="0">
              <value>
                <![CDATA[[TestResult name=Test_BookFlight_1 status=SUCCESS method=BookFlight.Test_BookFlight_1(java.lang.String,java.lang.String,java.lang.String,java.lang.String,java.lang.String,java.lang.String,java.lang.String,java.lang.String,java.lang.String,java.lang.String,java.lang.String,java.lang.String,java.lang.String,java.lang.String,java.lang.String,java.lang.String,java.lang.String)[pri:0, instance:com.automation.tests.BookFlight@5876a9af] output={null}]]]>
              </value>
            </param>
          </params>
          <reporter-output>
          </reporter-output>
        </test-method> <!-- CloseBrowser -->
      </class> <!-- com.automation.tests.BookFlight -->
    </test> <!-- Test -->
  </suite> <!-- Suite -->
</testng-results>
